2025/12/03 06:42:53 [emerg] 1#1: "upstream" directive is not allowed here in /etc/nginx/nginx.conf:11
2025/12/03 06:42:53 [emerg] 1#1: "upstream" directive is not allowed here in /etc/nginx/nginx.conf:11
2025/12/03 06:42:53 [emerg] 1#1: "upstream" directive is not allowed here in /etc/nginx/nginx.conf:11
2025/12/03 06:42:54 [emerg] 1#1: "upstream" directive is not allowed here in /etc/nginx/nginx.conf:11
2025/12/03 06:42:55 [emerg] 1#1: "upstream" directive is not allowed here in /etc/nginx/nginx.conf:11
2025/12/03 06:42:57 [emerg] 1#1: "upstream" directive is not allowed here in /etc/nginx/nginx.conf:11
2025/12/03 06:43:00 [emerg] 1#1: "upstream" directive is not allowed here in /etc/nginx/nginx.conf:11
2025/12/03 06:43:06 [emerg] 1#1: "upstream" directive is not allowed here in /etc/nginx/nginx.conf:11
2025/12/03 06:43:19 [emerg] 1#1: "upstream" directive is not allowed here in /etc/nginx/nginx.conf:11
2025/12/03 06:43:45 [emerg] 1#1: "upstream" directive is not allowed here in /etc/nginx/nginx.conf:11
2025/12/03 06:44:36 [emerg] 1#1: "upstream" directive is not allowed here in /etc/nginx/nginx.conf:11
2025/12/03 06:45:36 [emerg] 1#1: "upstream" directive is not allowed here in /etc/nginx/nginx.conf:11
2025/12/03 06:46:37 [emerg] 1#1: "upstream" directive is not allowed here in /etc/nginx/nginx.conf:11
2025/12/03 06:47:37 [emerg] 1#1: "upstream" directive is not allowed here in /etc/nginx/nginx.conf:11
2025/12/03 06:48:37 [emerg] 1#1: "upstream" directive is not allowed here in /etc/nginx/nginx.conf:11
2025/12/03 06:49:37 [emerg] 1#1: "upstream" directive is not allowed here in /etc/nginx/nginx.conf:11
2025/12/03 06:50:37 [emerg] 1#1: "upstream" directive is not allowed here in /etc/nginx/nginx.conf:11
2025/12/03 06:51:37 [emerg] 1#1: "upstream" directive is not allowed here in /etc/nginx/nginx.conf:11
2025/12/03 06:52:37 [emerg] 1#1: "upstream" directive is not allowed here in /etc/nginx/nginx.conf:11
2025/12/03 06:53:37 [emerg] 1#1: "upstream" directive is not allowed here in /etc/nginx/nginx.conf:11
2025/12/03 06:54:37 [emerg] 1#1: "upstream" directive is not allowed here in /etc/nginx/nginx.conf:11
2025/12/03 06:55:21 [emerg] 1#1: "upstream" directive is not allowed here in /etc/nginx/nginx.conf:11
2025/12/03 06:55:21 [emerg] 1#1: "upstream" directive is not allowed here in /etc/nginx/nginx.conf:11
2025/12/03 06:55:22 [emerg] 1#1: "upstream" directive is not allowed here in /etc/nginx/nginx.conf:11
2025/12/03 06:55:22 [emerg] 1#1: "upstream" directive is not allowed here in /etc/nginx/nginx.conf:11
2025/12/03 06:55:23 [emerg] 1#1: "upstream" directive is not allowed here in /etc/nginx/nginx.conf:11
2025/12/03 06:55:25 [emerg] 1#1: "upstream" directive is not allowed here in /etc/nginx/nginx.conf:11
2025/12/03 06:55:28 [emerg] 1#1: "upstream" directive is not allowed here in /etc/nginx/nginx.conf:11
2025/12/03 06:55:35 [emerg] 1#1: "upstream" directive is not allowed here in /etc/nginx/nginx.conf:11
2025/12/03 06:55:48 [emerg] 1#1: "upstream" directive is not allowed here in /etc/nginx/nginx.conf:11
2025/12/03 06:55:57 [notice] 1#1: using the "epoll" event method
2025/12/03 06:55:57 [notice] 1#1: nginx/1.29.3
2025/12/03 06:55:57 [notice] 1#1: built by gcc 14.2.0 (Alpine 14.2.0) 
2025/12/03 06:55:57 [notice] 1#1: OS: Linux 6.12.54-linuxkit
2025/12/03 06:55:57 [notice] 1#1: getrlimit(RLIMIT_NOFILE): 1048576:1048576
2025/12/03 06:55:57 [notice] 1#1: start worker processes
2025/12/03 06:55:57 [notice] 1#1: start worker process 30
2025/12/03 06:55:57 [notice] 1#1: start worker process 31
2025/12/03 06:55:57 [notice] 1#1: start worker process 32
2025/12/03 06:55:57 [notice] 1#1: start worker process 33
2025/12/03 06:55:57 [notice] 1#1: start worker process 34
2025/12/03 06:55:57 [notice] 1#1: start worker process 35
2025/12/03 06:55:57 [notice] 1#1: start worker process 36
2025/12/03 06:55:57 [notice] 1#1: start worker process 37
2025/12/03 06:55:57 [notice] 1#1: start worker process 38
2025/12/03 06:55:57 [notice] 1#1: start worker process 39
2025/12/03 06:55:57 [notice] 1#1: start cache manager process 40
2025/12/03 06:55:57 [notice] 1#1: start cache loader process 41
2025/12/03 06:56:57 [notice] 41#41: http file cache: /var/cache/nginx 0.000M, bsize: 512
2025/12/03 06:56:57 [notice] 1#1: signal 17 (SIGCHLD) received from 41
2025/12/03 06:56:57 [notice] 1#1: cache loader process 41 exited with code 0
2025/12/03 06:56:57 [notice] 1#1: signal 29 (SIGIO) received
2025/12/03 07:05:51 [notice] 1#1: signal 3 (SIGQUIT) received, shutting down
2025/12/03 07:05:51 [notice] 31#31: gracefully shutting down
2025/12/03 07:05:51 [notice] 40#40: exiting
2025/12/03 07:05:51 [notice] 30#30: gracefully shutting down
2025/12/03 07:05:51 [notice] 34#34: gracefully shutting down
2025/12/03 07:05:51 [notice] 35#35: gracefully shutting down
2025/12/03 07:05:51 [notice] 30#30: exiting
2025/12/03 07:05:51 [notice] 33#33: gracefully shutting down
2025/12/03 07:05:51 [notice] 39#39: gracefully shutting down
2025/12/03 07:05:51 [notice] 32#32: gracefully shutting down
2025/12/03 07:05:51 [notice] 39#39: exiting
2025/12/03 07:05:51 [notice] 37#37: gracefully shutting down
2025/12/03 07:05:51 [notice] 36#36: gracefully shutting down
2025/12/03 07:05:51 [notice] 31#31: exiting
2025/12/03 07:05:51 [notice] 36#36: exiting
2025/12/03 07:05:51 [notice] 38#38: gracefully shutting down
2025/12/03 07:05:51 [notice] 34#34: exiting
2025/12/03 07:05:51 [notice] 35#35: exiting
2025/12/03 07:05:51 [notice] 33#33: exiting
2025/12/03 07:05:51 [notice] 30#30: exit
2025/12/03 07:05:51 [notice] 32#32: exiting
2025/12/03 07:05:51 [notice] 35#35: exit
2025/12/03 07:05:51 [notice] 39#39: exit
2025/12/03 07:05:51 [notice] 37#37: exiting
2025/12/03 07:05:51 [notice] 31#31: exit
2025/12/03 07:05:51 [notice] 36#36: exit
2025/12/03 07:05:51 [notice] 34#34: exit
2025/12/03 07:05:51 [notice] 38#38: exiting
2025/12/03 07:05:51 [notice] 32#32: exit
2025/12/03 07:05:51 [notice] 33#33: exit
2025/12/03 07:05:51 [notice] 37#37: exit
2025/12/03 07:05:51 [notice] 38#38: exit
2025/12/03 07:05:51 [notice] 1#1: signal 17 (SIGCHLD) received from 39
2025/12/03 07:05:51 [notice] 1#1: worker process 30 exited with code 0
2025/12/03 07:05:51 [notice] 1#1: worker process 31 exited with code 0
2025/12/03 07:05:51 [notice] 1#1: worker process 33 exited with code 0
2025/12/03 07:05:51 [notice] 1#1: worker process 39 exited with code 0
2025/12/03 07:05:51 [notice] 1#1: signal 29 (SIGIO) received
2025/12/03 07:05:51 [notice] 1#1: signal 17 (SIGCHLD) received from 31
2025/12/03 07:05:51 [notice] 1#1: signal 17 (SIGCHLD) received from 40
2025/12/03 07:05:51 [notice] 1#1: worker process 34 exited with code 0
2025/12/03 07:05:51 [notice] 1#1: worker process 37 exited with code 0
2025/12/03 07:05:51 [notice] 1#1: worker process 38 exited with code 0
2025/12/03 07:05:51 [notice] 1#1: cache manager process 40 exited with code 0
2025/12/03 07:05:51 [notice] 1#1: signal 29 (SIGIO) received
2025/12/03 07:05:51 [notice] 1#1: signal 17 (SIGCHLD) received from 32
2025/12/03 07:05:51 [notice] 1#1: worker process 32 exited with code 0
2025/12/03 07:05:51 [notice] 1#1: worker process 35 exited with code 0
2025/12/03 07:05:51 [notice] 1#1: signal 29 (SIGIO) received
2025/12/03 07:05:51 [notice] 1#1: signal 17 (SIGCHLD) received from 35
2025/12/03 07:05:51 [notice] 1#1: signal 17 (SIGCHLD) received from 36
2025/12/03 07:05:51 [notice] 1#1: worker process 36 exited with code 0
2025/12/03 07:05:51 [notice] 1#1: exit
2025/12/03 07:06:47 [notice] 1#1: using the "epoll" event method
2025/12/03 07:06:47 [notice] 1#1: nginx/1.29.3
2025/12/03 07:06:47 [notice] 1#1: built by gcc 14.2.0 (Alpine 14.2.0) 
2025/12/03 07:06:47 [notice] 1#1: OS: Linux 6.12.54-linuxkit
2025/12/03 07:06:47 [notice] 1#1: getrlimit(RLIMIT_NOFILE): 1048576:1048576
2025/12/03 07:06:47 [notice] 1#1: start worker processes
2025/12/03 07:06:47 [notice] 1#1: start worker process 29
2025/12/03 07:06:47 [notice] 1#1: start worker process 30
2025/12/03 07:06:47 [notice] 1#1: start worker process 31
2025/12/03 07:06:47 [notice] 1#1: start worker process 32
2025/12/03 07:06:47 [notice] 1#1: start worker process 33
2025/12/03 07:06:47 [notice] 1#1: start worker process 34
2025/12/03 07:06:47 [notice] 1#1: start worker process 35
2025/12/03 07:06:47 [notice] 1#1: start worker process 36
2025/12/03 07:06:47 [notice] 1#1: start worker process 37
2025/12/03 07:06:47 [notice] 1#1: start worker process 38
2025/12/03 07:06:47 [notice] 1#1: start cache manager process 39
2025/12/03 07:06:47 [notice] 1#1: start cache loader process 40
2025/12/03 07:07:47 [notice] 40#40: http file cache: /var/cache/nginx 0.000M, bsize: 512
2025/12/03 07:07:47 [notice] 1#1: signal 17 (SIGCHLD) received from 40
2025/12/03 07:07:47 [notice] 1#1: cache loader process 40 exited with code 0
2025/12/03 07:07:47 [notice] 1#1: signal 29 (SIGIO) received
2025/12/03 07:23:47 [notice] 1#1: signal 3 (SIGQUIT) received, shutting down
2025/12/03 07:23:47 [notice] 29#29: gracefully shutting down
2025/12/03 07:23:47 [notice] 31#31: gracefully shutting down
2025/12/03 07:23:47 [notice] 29#29: exiting
2025/12/03 07:23:47 [notice] 30#30: gracefully shutting down
2025/12/03 07:23:47 [notice] 34#34: gracefully shutting down
2025/12/03 07:23:47 [notice] 36#36: gracefully shutting down
2025/12/03 07:23:47 [notice] 30#30: exiting
2025/12/03 07:23:47 [notice] 35#35: gracefully shutting down
2025/12/03 07:23:47 [notice] 37#37: gracefully shutting down
2025/12/03 07:23:47 [notice] 39#39: exiting
2025/12/03 07:23:47 [notice] 37#37: exiting
2025/12/03 07:23:47 [notice] 38#38: gracefully shutting down
2025/12/03 07:23:47 [notice] 32#32: gracefully shutting down
2025/12/03 07:23:47 [notice] 38#38: exiting
2025/12/03 07:23:47 [notice] 33#33: gracefully shutting down
2025/12/03 07:23:47 [notice] 38#38: exit
2025/12/03 07:23:47 [notice] 31#31: exiting
2025/12/03 07:23:47 [notice] 34#34: exiting
2025/12/03 07:23:47 [notice] 31#31: exit
2025/12/03 07:23:47 [notice] 36#36: exiting
2025/12/03 07:23:47 [notice] 35#35: exiting
2025/12/03 07:23:47 [notice] 34#34: exit
2025/12/03 07:23:47 [notice] 30#30: exit
2025/12/03 07:23:47 [notice] 29#29: exit
2025/12/03 07:23:47 [notice] 37#37: exit
2025/12/03 07:23:47 [notice] 32#32: exiting
2025/12/03 07:23:47 [notice] 33#33: exiting
2025/12/03 07:23:47 [notice] 36#36: exit
2025/12/03 07:23:47 [notice] 32#32: exit
2025/12/03 07:23:47 [notice] 35#35: exit
2025/12/03 07:23:47 [notice] 33#33: exit
2025/12/03 07:23:47 [notice] 1#1: signal 17 (SIGCHLD) received from 37
2025/12/03 07:23:47 [notice] 1#1: worker process 31 exited with code 0
2025/12/03 07:23:47 [notice] 1#1: worker process 32 exited with code 0
2025/12/03 07:23:47 [notice] 1#1: worker process 34 exited with code 0
2025/12/03 07:23:47 [notice] 1#1: worker process 35 exited with code 0
2025/12/03 07:23:47 [notice] 1#1: worker process 36 exited with code 0
2025/12/03 07:23:47 [notice] 1#1: worker process 37 exited with code 0
2025/12/03 07:23:47 [notice] 1#1: worker process 38 exited with code 0
2025/12/03 07:23:47 [notice] 1#1: cache manager process 39 exited with code 0
2025/12/03 07:23:47 [notice] 1#1: signal 29 (SIGIO) received
2025/12/03 07:23:47 [notice] 1#1: signal 17 (SIGCHLD) received from 29
2025/12/03 07:23:47 [notice] 1#1: worker process 29 exited with code 0
2025/12/03 07:23:47 [notice] 1#1: worker process 30 exited with code 0
2025/12/03 07:23:47 [notice] 1#1: signal 29 (SIGIO) received
2025/12/03 07:23:47 [notice] 1#1: signal 17 (SIGCHLD) received from 30
2025/12/03 07:23:47 [notice] 1#1: signal 17 (SIGCHLD) received from 33
2025/12/03 07:23:47 [notice] 1#1: worker process 33 exited with code 0
2025/12/03 07:23:47 [notice] 1#1: exit
2025/12/03 07:24:35 [notice] 1#1: using the "epoll" event method
2025/12/03 07:24:35 [notice] 1#1: nginx/1.29.3
2025/12/03 07:24:35 [notice] 1#1: built by gcc 14.2.0 (Alpine 14.2.0) 
2025/12/03 07:24:35 [notice] 1#1: OS: Linux 6.12.54-linuxkit
2025/12/03 07:24:35 [notice] 1#1: getrlimit(RLIMIT_NOFILE): 1048576:1048576
2025/12/03 07:24:35 [notice] 1#1: start worker processes
2025/12/03 07:24:35 [notice] 1#1: start worker process 30
2025/12/03 07:24:35 [notice] 1#1: start worker process 31
2025/12/03 07:24:35 [notice] 1#1: start worker process 32
2025/12/03 07:24:35 [notice] 1#1: start worker process 33
2025/12/03 07:24:35 [notice] 1#1: start worker process 34
2025/12/03 07:24:35 [notice] 1#1: start worker process 35
2025/12/03 07:24:35 [notice] 1#1: start worker process 36
2025/12/03 07:24:35 [notice] 1#1: start worker process 37
2025/12/03 07:24:35 [notice] 1#1: start worker process 38
2025/12/03 07:24:35 [notice] 1#1: start worker process 39
2025/12/03 07:24:35 [notice] 1#1: start cache manager process 40
2025/12/03 07:24:35 [notice] 1#1: start cache loader process 41
2025/12/03 07:25:35 [notice] 41#41: http file cache: /var/cache/nginx 0.000M, bsize: 512
2025/12/03 07:25:35 [notice] 1#1: signal 17 (SIGCHLD) received from 41
2025/12/03 07:25:35 [notice] 1#1: cache loader process 41 exited with code 0
2025/12/03 07:25:35 [notice] 1#1: signal 29 (SIGIO) received
2025/12/03 07:29:48 [notice] 1#1: signal 3 (SIGQUIT) received, shutting down
2025/12/03 07:29:48 [notice] 30#30: gracefully shutting down
2025/12/03 07:29:48 [notice] 32#32: gracefully shutting down
2025/12/03 07:29:48 [notice] 30#30: exiting
2025/12/03 07:29:48 [notice] 33#33: gracefully shutting down
2025/12/03 07:29:48 [notice] 31#31: gracefully shutting down
2025/12/03 07:29:48 [notice] 35#35: gracefully shutting down
2025/12/03 07:29:48 [notice] 36#36: gracefully shutting down
2025/12/03 07:29:48 [notice] 34#34: gracefully shutting down
2025/12/03 07:29:48 [notice] 37#37: gracefully shutting down
2025/12/03 07:29:48 [notice] 34#34: exiting
2025/12/03 07:29:48 [notice] 38#38: gracefully shutting down
2025/12/03 07:29:48 [notice] 39#39: gracefully shutting down
2025/12/03 07:29:48 [notice] 40#40: exiting
2025/12/03 07:29:48 [notice] 32#32: exiting
2025/12/03 07:29:48 [notice] 33#33: exiting
2025/12/03 07:29:48 [notice] 31#31: exiting
2025/12/03 07:29:48 [notice] 32#32: exit
2025/12/03 07:29:48 [notice] 35#35: exiting
2025/12/03 07:29:48 [notice] 31#31: exit
2025/12/03 07:29:48 [notice] 36#36: exiting
2025/12/03 07:29:48 [notice] 35#35: exit
2025/12/03 07:29:48 [notice] 30#30: exit
2025/12/03 07:29:48 [notice] 37#37: exiting
2025/12/03 07:29:48 [notice] 38#38: exiting
2025/12/03 07:29:48 [notice] 34#34: exit
2025/12/03 07:29:48 [notice] 39#39: exiting
2025/12/03 07:29:48 [notice] 33#33: exit
2025/12/03 07:29:48 [notice] 39#39: exit
2025/12/03 07:29:48 [notice] 36#36: exit
2025/12/03 07:29:48 [notice] 37#37: exit
2025/12/03 07:29:48 [notice] 38#38: exit
2025/12/03 07:29:48 [notice] 1#1: signal 17 (SIGCHLD) received from 30
2025/12/03 07:29:48 [notice] 1#1: worker process 30 exited with code 0
2025/12/03 07:29:48 [notice] 1#1: worker process 39 exited with code 0
2025/12/03 07:29:48 [notice] 1#1: signal 29 (SIGIO) received
2025/12/03 07:29:48 [notice] 1#1: signal 17 (SIGCHLD) received from 40
2025/12/03 07:29:48 [notice] 1#1: worker process 31 exited with code 0
2025/12/03 07:29:48 [notice] 1#1: worker process 33 exited with code 0
2025/12/03 07:29:48 [notice] 1#1: worker process 35 exited with code 0
2025/12/03 07:29:48 [notice] 1#1: worker process 36 exited with code 0
2025/12/03 07:29:48 [notice] 1#1: cache manager process 40 exited with code 0
2025/12/03 07:29:48 [notice] 1#1: signal 29 (SIGIO) received
2025/12/03 07:29:48 [notice] 1#1: signal 17 (SIGCHLD) received from 35
2025/12/03 07:29:48 [notice] 1#1: signal 17 (SIGCHLD) received from 38
2025/12/03 07:29:48 [notice] 1#1: worker process 32 exited with code 0
2025/12/03 07:29:48 [notice] 1#1: worker process 34 exited with code 0
2025/12/03 07:29:48 [notice] 1#1: worker process 38 exited with code 0
2025/12/03 07:29:48 [notice] 1#1: signal 29 (SIGIO) received
2025/12/03 07:29:48 [notice] 1#1: signal 17 (SIGCHLD) received from 34
2025/12/03 07:29:48 [notice] 1#1: signal 17 (SIGCHLD) received from 37
2025/12/03 07:29:48 [notice] 1#1: worker process 37 exited with code 0
2025/12/03 07:29:48 [notice] 1#1: exit
2025/12/03 07:30:37 [notice] 1#1: using the "epoll" event method
2025/12/03 07:30:37 [notice] 1#1: nginx/1.29.3
2025/12/03 07:30:37 [notice] 1#1: built by gcc 14.2.0 (Alpine 14.2.0) 
2025/12/03 07:30:37 [notice] 1#1: OS: Linux 6.12.54-linuxkit
2025/12/03 07:30:37 [notice] 1#1: getrlimit(RLIMIT_NOFILE): 1048576:1048576
2025/12/03 07:30:37 [notice] 1#1: start worker processes
2025/12/03 07:30:37 [notice] 1#1: start worker process 30
2025/12/03 07:30:37 [notice] 1#1: start worker process 31
2025/12/03 07:30:37 [notice] 1#1: start worker process 32
2025/12/03 07:30:37 [notice] 1#1: start worker process 33
2025/12/03 07:30:37 [notice] 1#1: start worker process 34
2025/12/03 07:30:37 [notice] 1#1: start worker process 35
2025/12/03 07:30:37 [notice] 1#1: start worker process 36
2025/12/03 07:30:37 [notice] 1#1: start worker process 37
2025/12/03 07:30:37 [notice] 1#1: start worker process 38
2025/12/03 07:30:37 [notice] 1#1: start worker process 39
2025/12/03 07:30:37 [notice] 1#1: start cache manager process 40
2025/12/03 07:30:37 [notice] 1#1: start cache loader process 41
2025/12/03 07:31:37 [notice] 41#41: http file cache: /var/cache/nginx 0.000M, bsize: 512
2025/12/03 07:31:37 [notice] 1#1: signal 17 (SIGCHLD) received from 41
2025/12/03 07:31:37 [notice] 1#1: cache loader process 41 exited with code 0
2025/12/03 07:31:37 [notice] 1#1: signal 29 (SIGIO) received
